SQL> select * from dept where deptno=10;

    DEPTNO DNAME                        LOC                                     
---------- ---------------------------- --------------------------              
        10 ACCOUNTING                   NEW YORK                                

SQL> select * from dept where deptno=20;

    DEPTNO DNAME                        LOC                                     
---------- ---------------------------- --------------------------              
        20 RESEARCH                     DALLAS                                  

SQL> select * from dept where deptno=30;

    DEPTNO DNAME                        LOC                                     
---------- ---------------------------- --------------------------              
        30 SALES                        CHICAGO                                 

SQL> select * from dept where deptno=40;

    DEPTNO DNAME                        LOC                                     
---------- ---------------------------- --------------------------              
        40 OPERATIONS                   BOSTON                                  

SQL> select empno,ename from emp where deptno=10;

     EMPNO ENAME                                                                
---------- --------------------                                                 
      7782 CLARK                                                                
      7839 KING                                                                 
      7934 MILLER                                                               

SQL> select empno,ename from emp where deptno=20;

     EMPNO ENAME                                                                
---------- --------------------                                                 
      7369 SMITH                                                                
      7566 JONES                                                                
      7788 SCOTT                                                                
      7876 ADAMS                                                                
      7902 FORD                                                                 

SQL> select empno,ename from emp where deptno=30;

     EMPNO ENAME                                                                
---------- --------------------                                                 
      7499 ALLEN                                                                
      7521 WARD                                                                 
      7654 MARTIN                                                               
      7698 BLAKE                                                                
      7844 TURNER                                                               
      7900 JAMES                                                                

6 개의 행이 선택되었습니다.

SQL> select empno,ename from emp where deptno=40;

선택된 레코드가 없습니다.

SQL> select from dept;
select from dept
       *
1행에 오류:
ORA-00936: 누락된 표현식 


SQL> spool off
